<?xml version="1.0" encoding="UTF-8"?>
<!-- Generated by org.testng.reporters.JUnitReportReporter -->
<testsuite hostname="DESKTOP-2HBQUQ9" failures="0" tests="3" name="com.annot.testng.Data_Provider" time="0.030" errors="0" timestamp="2022-03-30T19:55:29 IST" skipped="0">
  <testcase classname="com.annot.testng.Data_Provider" name="adactin_Runner" time="0.018"/>
  <system-out/>
  <testcase classname="com.annot.testng.Data_Provider" name="adactin_Runner" time="0.007"/>
  <system-out/>
  <testcase classname="com.annot.testng.Data_Provider" name="adactin_Runner" time="0.005"/>
  <system-out/>
</testsuite> <!-- com.annot.testng.Data_Provider -->
