<?xml version="1.0" encoding="UTF-8"?>
<!-- Generated by org.testng.reporters.JUnitReportReporter -->
<testsuite hostname="DESKTOP-2HBQUQ9" failures="0" tests="3" name="com.annot.testng.Priority_Concept" time="0.053" errors="0" timestamp="2022-03-29T16:43:27 IST" skipped="0">
  <testcase classname="com.annot.testng.Priority_Concept" name="userName" time="0.032"/>
  <system-out/>
  <testcase classname="com.annot.testng.Priority_Concept" name="password" time="0.010"/>
  <system-out/>
  <testcase classname="com.annot.testng.Priority_Concept" name="login" time="0.011"/>
  <system-out/>
</testsuite> <!-- com.annot.testng.Priority_Concept -->
