<?xml version="1.0" encoding="UTF-8"?>
<!-- Generated by org.testng.reporters.JUnitReportReporter -->
<testsuite hostname="DESKTOP-2HBQUQ9" failures="0" tests="3" name="com.annot.testng.priority_Concpets" time="0.066" errors="0" timestamp="2022-03-29T16:48:35 IST" skipped="0">
  <testcase classname="com.annot.testng.priority_Concpets" name="User_Name" time="0.036"/>
  <system-out/>
  <testcase classname="com.annot.testng.priority_Concpets" name="Pass_Word" time="0.015"/>
  <system-out/>
  <testcase classname="com.annot.testng.priority_Concpets" name="Login" time="0.015"/>
  <system-out/>
</testsuite> <!-- com.annot.testng.priority_Concpets -->
