<?xml version="1.0" encoding="UTF-8"?>
<!-- Generated by org.testng.reporters.JUnitReportReporter -->
<testsuite hostname="DESKTOP-2HBQUQ9" failures="0" tests="2" name="com.annot.testng.Ignore_Concept" time="0.024" errors="0" timestamp="2022-03-29T17:20:46 IST" skipped="1">
  <testcase classname="com.annot.testng.Ignore_Concept" name="Home_Page22" time="0.024"/>
  <system-out/>
  <testcase classname="com.annot.testng.Ignore_Concept" name="Login">
    <skipped/>
  </testcase> <!-- Login -->
  <system-out/>
</testsuite> <!-- com.annot.testng.Ignore_Concept -->
