<?xml version="1.0" encoding="UTF-8"?>
<!-- Generated by org.testng.reporters.JUnitReportReporter -->
<testsuite hostname="DESKTOP-2HBQUQ9" failures="0" tests="3" name="com.annot.testng.Annotations_Demo" time="0.054" errors="0" timestamp="2022-03-29T16:44:04 IST" skipped="0">
  <testcase classname="com.annot.testng.Annotations_Demo" name="Child" time="0.026"/>
  <system-out/>
  <testcase classname="com.annot.testng.Annotations_Demo" name="women" time="0.017"/>
  <system-out/>
  <testcase classname="com.annot.testng.Annotations_Demo" name="Men_A" time="0.011"/>
  <system-out/>
</testsuite> <!-- com.annot.testng.Annotations_Demo -->
