<?xml version="1.0" encoding="UTF-8"?>
<!-- Generated by org.testng.reporters.JUnitReportReporter -->
<testsuite hostname="DESKTOP-2HBQUQ9" failures="0" tests="1" name="com.annot.testng.Assert1" time="0.046" errors="0" timestamp="2022-03-31T19:13:28 IST" skipped="0">
  <testcase classname="com.annot.testng.Assert1" name="username" time="0.046"/>
  <system-out/>
</testsuite> <!-- com.annot.testng.Assert1 -->
