<?xml version="1.0" encoding="UTF-8"?>
<!-- Generated by org.testng.reporters.JUnitReportReporter -->
<testsuite hostname="DESKTOP-2HBQUQ9" failures="0" tests="1" name="com.annot.testng.Parameterized_Test" time="0.034" errors="0" timestamp="2022-03-30T19:43:37 IST" skipped="0">
  <testcase classname="com.annot.testng.Parameterized_Test" name="Credentials" time="0.034"/>
  <system-out/>
</testsuite> <!-- com.annot.testng.Parameterized_Test -->
