<?xml version="1.0" encoding="UTF-8"?>
<!-- Generated by org.testng.reporters.JUnitReportReporter -->
<testsuite hostname="DESKTOP-2HBQUQ9" failures="0" tests="3" name="com.extracopyautomation.Automation_Miniproject" time="139.628" errors="0" timestamp="2022-03-31T09:06:08 IST" skipped="0">
  <testcase classname="com.extracopyautomation.Automation_Miniproject" name="dress_method" time="52.072"/>
  <system-out/>
  <testcase classname="com.extracopyautomation.Automation_Miniproject" name="tshirt_" time="36.464"/>
  <system-out/>
  <testcase classname="com.extracopyautomation.Automation_Miniproject" name="Women" time="51.092"/>
  <system-out/>
</testsuite> <!-- com.extracopyautomation.Automation_Miniproject -->
