<?xml version="1.0" encoding="UTF-8"?>
<!-- Generated by org.testng.reporters.JUnitReportReporter -->
<testsuite hostname="DESKTOP-2HBQUQ9" failures="0" tests="5" name="com.annot.testng.Grouping_Concepts" time="0.054" errors="0" timestamp="2022-03-29T17:43:19 IST" skipped="0">
  <testcase classname="com.annot.testng.Grouping_Concepts" name="Vijay_Movies" time="0.020"/>
  <system-out/>
  <testcase classname="com.annot.testng.Grouping_Concepts" name="Kamal_Hassan" time="0.012"/>
  <system-out/>
  <testcase classname="com.annot.testng.Grouping_Concepts" name="Arr_music" time="0.007"/>
  <system-out/>
  <testcase classname="com.annot.testng.Grouping_Concepts" name="Ajith_Movies" time="0.007"/>
  <system-out/>
  <testcase classname="com.annot.testng.Grouping_Concepts" name="Harris_Music" time="0.008"/>
  <system-out/>
</testsuite> <!-- com.annot.testng.Grouping_Concepts -->
