<?xml version="1.0" encoding="UTF-8"?>
<!-- Generated by org.testng.reporters.JUnitReportReporter -->
<testsuite hostname="DESKTOP-2HBQUQ9" failures="0" tests="3" name="com.annot.testng.Defendency_Test" time="0.058" errors="0" timestamp="2022-03-30T19:14:56 IST" skipped="0">
  <testcase classname="com.annot.testng.Defendency_Test" name="Mobile" time="0.025"/>
  <system-out/>
  <testcase classname="com.annot.testng.Defendency_Test" name="Watch" time="0.007"/>
  <system-out/>
  <testcase classname="com.annot.testng.Defendency_Test" name="offer" time="0.026"/>
  <system-out/>
</testsuite> <!-- com.annot.testng.Defendency_Test -->
