<?xml version="1.0" encoding="UTF-8"?>
<!-- Generated by org.testng.reporters.JUnitReportReporter -->
<testsuite hostname="DESKTOP-2HBQUQ9" failures="0" tests="1" name="com.annot.testng.Timeout_Test" time="6.086" errors="0" timestamp="2022-03-30T19:04:21 IST" skipped="0">
  <testcase classname="com.annot.testng.Timeout_Test" name="browser_Launch" time="6.086"/>
  <system-out/>
</testsuite> <!-- com.annot.testng.Timeout_Test -->
