<?xml version="1.0" encoding="UTF-8"?>
<!-- Generated by org.testng.reporters.JUnitReportReporter -->
<testsuite hostname="DESKTOP-2HBQUQ9" failures="0" tests="6" name="com.annot.testng.Invocation_Concepts" time="0.094" errors="0" timestamp="2022-03-29T17:48:23 IST" skipped="0">
  <testcase classname="com.annot.testng.Invocation_Concepts" name="browser_Launch" time="0.041"/>
  <system-out/>
  <testcase classname="com.annot.testng.Invocation_Concepts" name="launch_Url" time="0.008"/>
  <system-out/>
  <testcase classname="com.annot.testng.Invocation_Concepts" name="refresh" time="0.011"/>
  <system-out/>
  <testcase classname="com.annot.testng.Invocation_Concepts" name="refresh" time="0.008"/>
  <system-out/>
  <testcase classname="com.annot.testng.Invocation_Concepts" name="refresh" time="0.010"/>
  <system-out/>
  <testcase classname="com.annot.testng.Invocation_Concepts" name="refresh" time="0.016"/>
  <system-out/>
</testsuite> <!-- com.annot.testng.Invocation_Concepts -->
