<?xml version="1.0" encoding="UTF-8"?>
<!-- Generated by org.testng.reporters.JUnitReportReporter -->
<testsuite hostname="DESKTOP-2HBQUQ9" failures="0" tests="1" name="com.annot.testng.launchoo" time="14.421" errors="0" timestamp="2022-03-30T23:41:51 IST" skipped="0">
  <testcase classname="com.annot.testng.launchoo" name="browser" time="14.421"/>
  <system-out/>
</testsuite> <!-- com.annot.testng.launchoo -->
