<?xml version="1.0" encoding="UTF-8"?>
<!-- Generated by org.testng.reporters.JUnitReportReporter -->
<testsuite hostname="DESKTOP-2HBQUQ9" failures="0" tests="2" name="com.annot.testng.Multi_Threading" time="77.996" errors="0" timestamp="2022-03-31T19:27:48 IST" skipped="0">
  <testcase classname="com.annot.testng.Multi_Threading" name="password" time="38.665"/>
  <system-out/>
  <testcase classname="com.annot.testng.Multi_Threading" name="username" time="39.331"/>
  <system-out/>
</testsuite> <!-- com.annot.testng.Multi_Threading -->
